Not Found: /
Not Found: /
Not Found: /
Not Found: /
Not Found: /inicio/
Se ejecuta la funcion crear_permisos a las  2023-07-02 17:49:14.957748 horas!
Se trata de crear el permiso administrador en permissions.py a las  2023-07-02 17:49:14.957748 horas!
Se trata de crear el permiso auditor en permissions.py a las  2023-07-02 17:49:14.987882 horas!
Se trata de crear el permiso almacen en permissions.py a las  2023-07-02 17:49:14.991781 horas!
Not Found: /favicon-32x32.png
Not Found: /site.webmanifest
Not Found: /favicon-16x16.png
Se desea iniciar sesion.
Not Found: /site.webmanifest
Not Found: /site.webmanifest
Se desea iniciar sesion.
Not Found: /site.webmanifest
Se desea iniciar sesion.
Not Found: /site.webmanifest
Se desea iniciar sesion.
Not Found: /site.webmanifest
Not Found: /site.webmanifest
Se ejecuta la funcion listar_usuarios a las  2023-07-02 17:51:01.453934 horas!
